# JRE version: OpenJDK Runtime Environment Temurin-17.0.7+7 (17.0.7+7) (build 17.0.7+7)
# Java VM: OpenJDK 64-Bit Server VM Temurin-17.0.7+7 (17.0.7+7, mixed mode, emulated-client, tiered, compressed oops, compressed class ptrs, g1 gc, windows-amd64)
GC Precious Log:
 CPUs: 4 total, 4 available
 Memory: 8080M
 Large Page Support: Disabled
 NUMA Support: Disabled
 Compressed Oops: Enabled (32-bit)
 Heap Region Size: 1M
 Heap Min Capacity: 8M
 Heap Initial Capacity: 128M
 Heap Max Capacity: 1G
 Pre-touch: Disabled
 Parallel Workers: 4
 Concurrent Workers: 1
 Concurrent Refinement Workers: 4
 Periodic GC: Disabled
Heap:
 garbage-first heap   total 150528K, used 45734K [0x00000000c0000000, 0x0000000100000000)
  region size 1024K, 1 young (1024K), 0 survivors (0K)
 Metaspace       used 67402K, committed 67840K, reserved 1114112K
  class space    used 9179K, committed 9344K, reserved 1048576K
GC Heap History (20 events):
Event: 15835.405 GC heap after
{Heap after GC invocations=1407 (full 1139):
 garbage-first heap   total 150528K, used 45660K [0x00000000c0000000, 0x0000000100000000)
  region size 1024K, 0 young (0K), 0 survivors (0K)
 Metaspace       used 67402K, committed 67840K, reserved 1114112K
  class space    used 9179K, committed 9344K, reserved 1048576K
}
Event: 15845.957 GC heap before
{Heap before GC invocations=1407 (full 1139):
 garbage-first heap   total 150528K, used 45660K [0x00000000c0000000, 0x0000000100000000)
  region size 1024K, 1 young (1024K), 0 survivors (0K)
 Metaspace       used 67402K, committed 67840K, reserved 1114112K
  class space    used 9179K, committed 9344K, reserved 1048576K
}
Event: 15846.083 GC heap after
{Heap after GC invocations=1408 (full 1140):
 garbage-first heap   total 150528K, used 45660K [0x00000000c0000000, 0x0000000100000000)
  region size 1024K, 0 young (0K), 0 survivors (0K)
 Metaspace       used 67402K, committed 67840K, reserved 1114112K
  class space    used 9179K, committed 9344K, reserved 1048576K
}
Event: 15857.722 GC heap before
{Heap before GC invocations=1408 (full 1140):
 garbage-first heap   total 150528K, used 45660K [0x00000000c0000000, 0x0000000100000000)
  region size 1024K, 1 young (1024K), 0 survivors (0K)
 Metaspace       used 67402K, committed 67840K, reserved 1114112K
  class space    used 9179K, committed 9344K, reserved 1048576K
}
Event: 15857.809 GC heap after
{Heap after GC invocations=1409 (full 1141):
 garbage-first heap   total 150528K, used 45660K [0x00000000c0000000, 0x0000000100000000)
  region size 1024K, 0 young (0K), 0 survivors (0K)
 Metaspace       used 67402K, committed 67840K, reserved 1114112K
  class space    used 9179K, committed 9344K, reserved 1048576K
}
Event: 15868.190 GC heap before
{Heap before GC invocations=1409 (full 1141):
 garbage-first heap   total 150528K, used 45660K [0x00000000c0000000, 0x0000000100000000)
  region size 1024K, 1 young (1024K), 0 survivors (0K)
 Metaspace       used 67402K, committed 67840K, reserved 1114112K
  class space    used 9179K, committed 9344K, reserved 1048576K
}
Event: 15868.272 GC heap after
{Heap after GC invocations=1410 (full 1142):
 garbage-first heap   total 150528K, used 45660K [0x00000000c0000000, 0x0000000100000000)
  region size 1024K, 0 young (0K), 0 survivors (0K)
 Metaspace       used 67402K, committed 67840K, reserved 1114112K
  class space    used 9179K, committed 9344K, reserved 1048576K
}
Event: 15878.736 GC heap before
{Heap before GC invocations=1410 (full 1142):
 garbage-first heap   total 150528K, used 45660K [0x00000000c0000000, 0x0000000100000000)
  region size 1024K, 1 young (1024K), 0 survivors (0K)
 Metaspace       used 67402K, committed 67840K, reserved 1114112K
  class space    used 9179K, committed 9344K, reserved 1048576K
}
Event: 15878.821 GC heap after
{Heap after GC invocations=1411 (full 1143):
 garbage-first heap   total 150528K, used 45660K [0x00000000c0000000, 0x0000000100000000)
  region size 1024K, 0 young (0K), 0 survivors (0K)
 Metaspace       used 67402K, committed 67840K, reserved 1114112K
  class space    used 9179K, committed 9344K, reserved 1048576K
}
Event: 15889.124 GC heap before
{Heap before GC invocations=1411 (full 1143):
 garbage-first heap   total 150528K, used 45660K [0x00000000c0000000, 0x0000000100000000)
  region size 1024K, 1 young (1024K), 0 survivors (0K)
 Metaspace       used 67402K, committed 67840K, reserved 1114112K
  class space    used 9179K, committed 9344K, reserved 1048576K
}
Event: 15889.233 GC heap after
{Heap after GC invocations=1412 (full 1144):
 garbage-first heap   total 150528K, used 45660K [0x00000000c0000000, 0x0000000100000000)
  region size 1024K, 0 young (0K), 0 survivors (0K)
 Metaspace       used 67402K, committed 67840K, reserved 1114112K
  class space    used 9179K, committed 9344K, reserved 1048576K
}
Event: 15900.645 GC heap before
{Heap before GC invocations=1412 (full 1144):
 garbage-first heap   total 150528K, used 45660K [0x00000000c0000000, 0x0000000100000000)
  region size 1024K, 1 young (1024K), 0 survivors (0K)
 Metaspace       used 67402K, committed 67840K, reserved 1114112K
  class space    used 9179K, committed 9344K, reserved 1048576K
}
Event: 15900.756 GC heap after
{Heap after GC invocations=1413 (full 1145):
 garbage-first heap   total 150528K, used 45660K [0x00000000c0000000, 0x0000000100000000)
  region size 1024K, 0 young (0K), 0 survivors (0K)
 Metaspace       used 67402K, committed 67840K, reserved 1114112K
  class space    used 9179K, committed 9344K, reserved 1048576K
}
Event: 15912.424 GC heap before
{Heap before GC invocations=1413 (full 1145):
 garbage-first heap   total 150528K, used 45660K [0x00000000c0000000, 0x0000000100000000)
  region size 1024K, 1 young (1024K), 0 survivors (0K)
 Metaspace       used 67402K, committed 67840K, reserved 1114112K
  class space    used 9179K, committed 9344K, reserved 1048576K
}
Event: 15912.515 GC heap after
{Heap after GC invocations=1414 (full 1146):
 garbage-first heap   total 150528K, used 45660K [0x00000000c0000000, 0x0000000100000000)
  region size 1024K, 0 young (0K), 0 survivors (0K)
 Metaspace       used 67402K, committed 67840K, reserved 1114112K
  class space    used 9179K, committed 9344K, reserved 1048576K
}
Event: 15922.794 GC heap before
{Heap before GC invocations=1414 (full 1146):
 garbage-first heap   total 150528K, used 45660K [0x00000000c0000000, 0x0000000100000000)
  region size 1024K, 1 young (1024K), 0 survivors (0K)
 Metaspace       used 67402K, committed 67840K, reserved 1114112K
  class space    used 9179K, committed 9344K, reserved 1048576K
}
Event: 15922.914 GC heap after
{Heap after GC invocations=1415 (full 1147):
 garbage-first heap   total 150528K, used 45660K [0x00000000c0000000, 0x0000000100000000)
  region size 1024K, 0 young (0K), 0 survivors (0K)
 Metaspace       used 67402K, committed 67840K, reserved 1114112K
  class space    used 9179K, committed 9344K, reserved 1048576K
}
Event: 15933.076 GC heap before
{Heap before GC invocations=1415 (full 1147):
 garbage-first heap   total 150528K, used 45660K [0x00000000c0000000, 0x0000000100000000)
  region size 1024K, 1 young (1024K), 0 survivors (0K)
 Metaspace       used 67402K, committed 67840K, reserved 1114112K
  class space    used 9179K, committed 9344K, reserved 1048576K
}
Event: 15933.150 GC heap after
{Heap after GC invocations=1416 (full 1148):
 garbage-first heap   total 150528K, used 45660K [0x00000000c0000000, 0x0000000100000000)
  region size 1024K, 0 young (0K), 0 survivors (0K)
 Metaspace       used 67402K, committed 67840K, reserved 1114112K
  class space    used 9179K, committed 9344K, reserved 1048576K
}
Event: 19578.366 GC heap before
{Heap before GC invocations=1416 (full 1148):
 garbage-first heap   total 150528K, used 45660K [0x00000000c0000000, 0x0000000100000000)
  region size 1024K, 1 young (1024K), 0 survivors (0K)
 Metaspace       used 67402K, committed 67840K, reserved 1114112K
  class space    used 9179K, committed 9344K, reserved 1048576K
}

